build/app/intermediates/manifest_merge_blame_file/debug/manifest-merger-blame-debug-report.txt
1<?xml version="1.0" encoding="utf-8"?>
2<manifest xmlns:android="http://schemas.android.com/apk/res/android"
3    package="com.thefluttercommunity.flutter_movie"
4    android:versionCode="1"
5    android:versionName="1.0.0" >
6
7    <uses-sdk
8        android:minSdkVersion="21"
9        android:targetSdkVersion="33" />
10    <!--
11         Flutter needs it to communicate with the running application
12         to allow setting breakpoints, to provide hot reload, etc.
13    -->
14    <uses-permission android:name="android.permission.INTERNET" />
14-->src/main/AndroidManifest.xml:3:5-66
14-->src/main/AndroidManifest.xml:3:22-64
15
16    <queries>
16-->[:flutter_inappwebview] AndroidManifest.xml:9:5-13:15
17        <intent>
17-->[:flutter_inappwebview] AndroidManifest.xml:10:9-12:18
18            <action android:name="android.support.customtabs.action.CustomTabsService" />
18-->[:flutter_inappwebview] AndroidManifest.xml:11:13-90
18-->[:flutter_inappwebview] AndroidManifest.xml:11:21-87
19        </intent>
20    </queries>
21
22    <application
22-->src/main/AndroidManifest.xml:4:4-42:19
23        android:appComponentFactory="androidx.core.app.CoreComponentFactory"
23-->[androidx.core:core:1.8.0] AndroidManifest.xml:24:18-86
24        android:debuggable="true"
25        android:icon="@mipmap/ic_launcher"
25-->src/main/AndroidManifest.xml:6:9-43
26        android:label="NetLix" >
26-->src/main/AndroidManifest.xml:5:9-31
27        <activity
27-->src/main/AndroidManifest.xml:7:9-36:20
28            android:name="com.thefluttercommunity.flutter_movie.MainActivity"
28-->src/main/AndroidManifest.xml:8:13-41
29            android:configChanges="orientation|keyboardHidden|keyboard|screenSize|smallestScreenSize|locale|layoutDirection|fontScale|screenLayout|density|uiMode"
29-->src/main/AndroidManifest.xml:12:13-163
30            android:exported="true"
30-->src/main/AndroidManifest.xml:10:13-36
31            android:hardwareAccelerated="true"
31-->src/main/AndroidManifest.xml:13:13-47
32            android:launchMode="singleTop"
32-->src/main/AndroidManifest.xml:9:13-43
33            android:theme="@style/LaunchTheme"
33-->src/main/AndroidManifest.xml:11:13-47
34            android:windowSoftInputMode="adjustResize" >
34-->src/main/AndroidManifest.xml:14:13-55
35
36            <!--
37                 Specifies an Android theme to apply to this Activity as soon as
38                 the Android process has started. This theme is visible to the user
39                 while the Flutter UI initializes. After that, this theme continues
40                 to determine the Window background behind the Flutter UI.
41            -->
42            <meta-data
42-->src/main/AndroidManifest.xml:19:13-22:17
43                android:name="io.flutter.embedding.android.NormalTheme"
43-->src/main/AndroidManifest.xml:20:15-70
44                android:resource="@style/NormalTheme" />
44-->src/main/AndroidManifest.xml:21:15-52
45            <!--
46                 Displays an Android View that continues showing the launch screen
47                 Drawable until Flutter paints its first frame, then this splash
48                 screen fades out. A splash screen is useful to avoid any visual
49                 gap between the end of Android's launch screen and the painting of
50                 Flutter's first frame.
51            -->
52            <meta-data
52-->src/main/AndroidManifest.xml:28:13-31:17
53                android:name="io.flutter.embedding.android.SplashScreenDrawable"
53-->src/main/AndroidManifest.xml:29:15-79
54                android:resource="@drawable/launch_background" />
54-->src/main/AndroidManifest.xml:30:15-61
55
56            <intent-filter>
56-->src/main/AndroidManifest.xml:32:13-35:29
57                <action android:name="android.intent.action.MAIN" />
57-->src/main/AndroidManifest.xml:33:17-68
57-->src/main/AndroidManifest.xml:33:25-66
58
59                <category android:name="android.intent.category.LAUNCHER" />
59-->src/main/AndroidManifest.xml:34:17-76
59-->src/main/AndroidManifest.xml:34:27-74
60            </intent-filter>
61        </activity>
62        <!--
63             Don't delete the meta-data below.
64             This is used by the Flutter tool to generate GeneratedPluginRegistrant.java
65        -->
66        <meta-data
66-->src/main/AndroidManifest.xml:39:9-41:33
67            android:name="flutterEmbedding"
67-->src/main/AndroidManifest.xml:40:13-44
68            android:value="2" />
68-->src/main/AndroidManifest.xml:41:13-30
69
70        <activity
70-->[:flutter_inappwebview] AndroidManifest.xml:16:9-20:47
71            android:name="com.pichillilorenzo.flutter_inappwebview.in_app_browser.InAppBrowserActivity"
71-->[:flutter_inappwebview] AndroidManifest.xml:17:13-104
72            android:configChanges="orientation|keyboardHidden|keyboard|screenSize|locale|layoutDirection|fontScale|screenLayout|density"
72-->[:flutter_inappwebview] AndroidManifest.xml:18:13-137
73            android:exported="false"
73-->[:flutter_inappwebview] AndroidManifest.xml:19:13-37
74            android:theme="@style/AppTheme" />
74-->[:flutter_inappwebview] AndroidManifest.xml:20:13-44
75        <activity
75-->[:flutter_inappwebview] AndroidManifest.xml:21:9-24:55
76            android:name="com.pichillilorenzo.flutter_inappwebview.chrome_custom_tabs.ChromeCustomTabsActivity"
76-->[:flutter_inappwebview] AndroidManifest.xml:22:13-112
77            android:exported="false"
77-->[:flutter_inappwebview] AndroidManifest.xml:23:13-37
78            android:theme="@style/ThemeTransparent" />
78-->[:flutter_inappwebview] AndroidManifest.xml:24:13-52
79        <activity
79-->[:flutter_inappwebview] AndroidManifest.xml:25:9-28:55
80            android:name="com.pichillilorenzo.flutter_inappwebview.chrome_custom_tabs.TrustedWebActivity"
80-->[:flutter_inappwebview] AndroidManifest.xml:26:13-106
81            android:exported="false"
81-->[:flutter_inappwebview] AndroidManifest.xml:27:13-37
82            android:theme="@style/ThemeTransparent" />
82-->[:flutter_inappwebview] AndroidManifest.xml:28:13-52
83        <activity
83-->[:flutter_inappwebview] AndroidManifest.xml:29:9-33:55
84            android:name="com.pichillilorenzo.flutter_inappwebview.chrome_custom_tabs.ChromeCustomTabsActivitySingleInstance"
84-->[:flutter_inappwebview] AndroidManifest.xml:30:13-126
85            android:exported="false"
85-->[:flutter_inappwebview] AndroidManifest.xml:31:13-37
86            android:launchMode="singleInstance"
86-->[:flutter_inappwebview] AndroidManifest.xml:32:13-48
87            android:theme="@style/ThemeTransparent" />
87-->[:flutter_inappwebview] AndroidManifest.xml:33:13-52
88        <activity
88-->[:flutter_inappwebview] AndroidManifest.xml:34:9-38:55
89            android:name="com.pichillilorenzo.flutter_inappwebview.chrome_custom_tabs.TrustedWebActivitySingleInstance"
89-->[:flutter_inappwebview] AndroidManifest.xml:35:13-120
90            android:exported="false"
90-->[:flutter_inappwebview] AndroidManifest.xml:36:13-37
91            android:launchMode="singleInstance"
91-->[:flutter_inappwebview] AndroidManifest.xml:37:13-48
92            android:theme="@style/ThemeTransparent" />
92-->[:flutter_inappwebview] AndroidManifest.xml:38:13-52
93
94        <receiver
94-->[:flutter_inappwebview] AndroidManifest.xml:40:9-43:40
95            android:name="com.pichillilorenzo.flutter_inappwebview.chrome_custom_tabs.ActionBroadcastReceiver"
95-->[:flutter_inappwebview] AndroidManifest.xml:41:13-111
96            android:enabled="true"
96-->[:flutter_inappwebview] AndroidManifest.xml:42:13-35
97            android:exported="false" />
97-->[:flutter_inappwebview] AndroidManifest.xml:43:13-37
98
99        <meta-data
99-->[:flutter_inappwebview] AndroidManifest.xml:45:9-47:36
100            android:name="io.flutter.embedded_views_preview"
100-->[:flutter_inappwebview] AndroidManifest.xml:46:13-61
101            android:value="true" />
101-->[:flutter_inappwebview] AndroidManifest.xml:47:13-33
102
103        <provider
103-->[androidx.emoji2:emoji2:1.2.0] AndroidManifest.xml:24:9-32:20
104            android:name="androidx.startup.InitializationProvider"
104-->[androidx.emoji2:emoji2:1.2.0] AndroidManifest.xml:25:13-67
105            android:authorities="com.thefluttercommunity.flutter_movie.androidx-startup"
105-->[androidx.emoji2:emoji2:1.2.0] AndroidManifest.xml:26:13-68
106            android:exported="false" >
106-->[androidx.emoji2:emoji2:1.2.0] AndroidManifest.xml:27:13-37
107            <meta-data
107-->[androidx.emoji2:emoji2:1.2.0] AndroidManifest.xml:29:13-31:52
108                android:name="androidx.emoji2.text.EmojiCompatInitializer"
108-->[androidx.emoji2:emoji2:1.2.0] AndroidManifest.xml:30:17-75
109                android:value="androidx.startup" />
109-->[androidx.emoji2:emoji2:1.2.0] AndroidManifest.xml:31:17-49
110            <meta-data
110-->[androidx.lifecycle:lifecycle-process:2.4.1] AndroidManifest.xml:31:13-33:52
111                android:name="androidx.lifecycle.ProcessLifecycleInitializer"
111-->[androidx.lifecycle:lifecycle-process:2.4.1] AndroidManifest.xml:32:17-78
112                android:value="androidx.startup" />
112-->[androidx.lifecycle:lifecycle-process:2.4.1] AndroidManifest.xml:33:17-49
113        </provider>
114
115        <uses-library
115-->[androidx.window:window:1.0.0-beta04] AndroidManifest.xml:25:9-27:40
116            android:name="androidx.window.extensions"
116-->[androidx.window:window:1.0.0-beta04] AndroidManifest.xml:26:13-54
117            android:required="false" />
117-->[androidx.window:window:1.0.0-beta04] AndroidManifest.xml:27:13-37
118        <uses-library
118-->[androidx.window:window:1.0.0-beta04] AndroidManifest.xml:28:9-30:40
119            android:name="androidx.window.sidecar"
119-->[androidx.window:window:1.0.0-beta04] AndroidManifest.xml:29:13-51
120            android:required="false" />
120-->[androidx.window:window:1.0.0-beta04] AndroidManifest.xml:30:13-37
121    </application>
122
123</manifest>